[2024-12-28T14:58:29.810+0000] {local_task_job_runner.py:120} INFO - ::group::Pre task execution logs
[2024-12-28T14:58:29.844+0000] {taskinstance.py:2076} INFO - Dependencies all met for dep_context=non-requeueable deps ti=<TaskInstance: pipeline.test_sql manual__2024-12-28T14:58:24.847618+00:00 [queued]>
[2024-12-28T14:58:29.857+0000] {taskinstance.py:2076} INFO - Dependencies all met for dep_context=requeueable deps ti=<TaskInstance: pipeline.test_sql manual__2024-12-28T14:58:24.847618+00:00 [queued]>
[2024-12-28T14:58:29.858+0000] {taskinstance.py:2306} INFO - Starting attempt 1 of 1
[2024-12-28T14:58:29.884+0000] {taskinstance.py:2330} INFO - Executing <Task(_PythonDecoratedOperator): test_sql> on 2024-12-28 14:58:24.847618+00:00
[2024-12-28T14:58:29.891+0000] {standard_task_runner.py:64} INFO - Started process 214 to run task
[2024-12-28T14:58:29.895+0000] {standard_task_runner.py:90} INFO - Running: ['***', 'tasks', 'run', 'pipeline', 'test_sql', 'manual__2024-12-28T14:58:24.847618+00:00', '--job-id', '1041', '--raw', '--subdir', 'DAGS_FOLDER/pipline.py', '--cfg-path', '/tmp/tmp4vpcrke6']
[2024-12-28T14:58:29.897+0000] {standard_task_runner.py:91} INFO - Job 1041: Subtask test_sql
[2024-12-28T14:58:29.948+0000] {task_command.py:426} INFO - Running <TaskInstance: pipeline.test_sql manual__2024-12-28T14:58:24.847618+00:00 [running]> on host 7f22350fc6f3
[2024-12-28T14:58:30.052+0000] {taskinstance.py:2648} INFO - Exporting env vars: AIRFLOW_CTX_DAG_OWNER='***' AIRFLOW_CTX_DAG_ID='pipeline' AIRFLOW_CTX_TASK_ID='test_sql' AIRFLOW_CTX_EXECUTION_DATE='2024-12-28T14:58:24.847618+00:00' AIRFLOW_CTX_TRY_NUMBER='1' AIRFLOW_CTX_DAG_RUN_ID='manual__2024-12-28T14:58:24.847618+00:00'
[2024-12-28T14:58:30.054+0000] {taskinstance.py:430} INFO - ::endgroup::
[2024-12-28T14:58:30.066+0000] {base.py:84} INFO - Using connection ID 'mssql_default' for task execution.
[2024-12-28T14:58:30.717+0000] {taskinstance.py:441} INFO - ::group::Post task execution logs
[2024-12-28T14:58:30.718+0000] {taskinstance.py:2905} ERROR - Task failed with exception
Traceback (most recent call last):
  File "src/pymssql/_pymssql.pyx", line 447, in pymssql._pymssql.Cursor.execute
  File "src/pymssql/_mssql.pyx", line 1125, in pymssql._mssql.MSSQLConnection.execute_query
  File "src/pymssql/_mssql.pyx", line 1156, in pymssql._mssql.MSSQLConnection.execute_query
  File "src/pymssql/_mssql.pyx", line 1289, in pymssql._mssql.MSSQLConnection.format_and_run_query
  File "src/pymssql/_mssql.pyx", line 1855, in pymssql._mssql.check_cancel_and_raise
  File "src/pymssql/_mssql.pyx", line 1901, in pymssql._mssql.raise_MSSQLDatabaseException
pymssql._mssql.MSSQLDatabaseException: (208, b"Invalid object name 'Authors'.DB-Lib error message 20018, severity 16:\nGeneral SQL Server error: Check messages from the SQL Server\n")

During handling of the above exception, another exception occurred:

Traceback (most recent call last):
  File "/home/airflow/.local/lib/python3.11/site-packages/airflow/models/taskinstance.py", line 465, in _execute_task
    result = _execute_callable(context=context, **execute_callable_kwargs)
             ^^^^^^^^^^^^^^^^^^^^^^^^^^^^^^^^^^^^^^^^^^^^^^^^^^^^^^^^^^^^^
  File "/home/airflow/.local/lib/python3.11/site-packages/airflow/models/taskinstance.py", line 432, in _execute_callable
    return execute_callable(context=context, **execute_callable_kwargs)
           ^^^^^^^^^^^^^^^^^^^^^^^^^^^^^^^^^^^^^^^^^^^^^^^^^^^^^^^^^^^^
  File "/home/airflow/.local/lib/python3.11/site-packages/airflow/models/baseoperator.py", line 401, in wrapper
    return func(self, *args, **kwargs)
           ^^^^^^^^^^^^^^^^^^^^^^^^^^^
  File "/home/airflow/.local/lib/python3.11/site-packages/airflow/decorators/base.py", line 265, in execute
    return_value = super().execute(context)
                   ^^^^^^^^^^^^^^^^^^^^^^^^
  File "/home/airflow/.local/lib/python3.11/site-packages/airflow/models/baseoperator.py", line 401, in wrapper
    return func(self, *args, **kwargs)
           ^^^^^^^^^^^^^^^^^^^^^^^^^^^
  File "/home/airflow/.local/lib/python3.11/site-packages/airflow/operators/python.py", line 235, in execute
    return_value = self.execute_callable()
                   ^^^^^^^^^^^^^^^^^^^^^^^
  File "/home/airflow/.local/lib/python3.11/site-packages/airflow/operators/python.py", line 252, in execute_callable
    return self.python_callable(*self.op_args, **self.op_kwargs)
           ^^^^^^^^^^^^^^^^^^^^^^^^^^^^^^^^^^^^^^^^^^^^^^^^^^^^^
  File "/opt/airflow/dags/pipline.py", line 168, in test_sql
    cursor.execute("select * from Authors;")
  File "src/pymssql/_pymssql.pyx", line 462, in pymssql._pymssql.Cursor.execute
pymssql.exceptions.ProgrammingError: (208, b"Invalid object name 'Authors'.DB-Lib error message 20018, severity 16:\nGeneral SQL Server error: Check messages from the SQL Server\n")
[2024-12-28T14:58:30.731+0000] {taskinstance.py:1206} INFO - Marking task as FAILED. dag_id=pipeline, task_id=test_sql, run_id=manual__2024-12-28T14:58:24.847618+00:00, execution_date=20241228T145824, start_date=20241228T145829, end_date=20241228T145830
[2024-12-28T14:58:30.746+0000] {standard_task_runner.py:110} ERROR - Failed to execute job 1041 for task test_sql ((208, b"Invalid object name 'Authors'.DB-Lib error message 20018, severity 16:\nGeneral SQL Server error: Check messages from the SQL Server\n"); 214)
[2024-12-28T14:58:30.792+0000] {local_task_job_runner.py:243} INFO - Task exited with return code 1
[2024-12-28T14:58:30.809+0000] {taskinstance.py:3503} INFO - 0 downstream tasks scheduled from follow-on schedule check
[2024-12-28T14:58:30.816+0000] {local_task_job_runner.py:222} INFO - ::endgroup::
