[2024-12-28T15:00:44.495+0000] {local_task_job_runner.py:120} INFO - ::group::Pre task execution logs
[2024-12-28T15:00:44.526+0000] {taskinstance.py:2076} INFO - Dependencies all met for dep_context=non-requeueable deps ti=<TaskInstance: pipeline.test_sql manual__2024-12-28T15:00:39.636921+00:00 [queued]>
[2024-12-28T15:00:44.534+0000] {taskinstance.py:2076} INFO - Dependencies all met for dep_context=requeueable deps ti=<TaskInstance: pipeline.test_sql manual__2024-12-28T15:00:39.636921+00:00 [queued]>
[2024-12-28T15:00:44.535+0000] {taskinstance.py:2306} INFO - Starting attempt 1 of 1
[2024-12-28T15:00:44.549+0000] {taskinstance.py:2330} INFO - Executing <Task(_PythonDecoratedOperator): test_sql> on 2024-12-28 15:00:39.636921+00:00
[2024-12-28T15:00:44.554+0000] {standard_task_runner.py:64} INFO - Started process 214 to run task
[2024-12-28T15:00:44.558+0000] {standard_task_runner.py:90} INFO - Running: ['***', 'tasks', 'run', 'pipeline', 'test_sql', 'manual__2024-12-28T15:00:39.636921+00:00', '--job-id', '1045', '--raw', '--subdir', 'DAGS_FOLDER/pipline.py', '--cfg-path', '/tmp/tmpmrivwweu']
[2024-12-28T15:00:44.560+0000] {standard_task_runner.py:91} INFO - Job 1045: Subtask test_sql
[2024-12-28T15:00:44.618+0000] {task_command.py:426} INFO - Running <TaskInstance: pipeline.test_sql manual__2024-12-28T15:00:39.636921+00:00 [running]> on host 7f22350fc6f3
[2024-12-28T15:00:44.741+0000] {taskinstance.py:2648} INFO - Exporting env vars: AIRFLOW_CTX_DAG_OWNER='***' AIRFLOW_CTX_DAG_ID='pipeline' AIRFLOW_CTX_TASK_ID='test_sql' AIRFLOW_CTX_EXECUTION_DATE='2024-12-28T15:00:39.636921+00:00' AIRFLOW_CTX_TRY_NUMBER='1' AIRFLOW_CTX_DAG_RUN_ID='manual__2024-12-28T15:00:39.636921+00:00'
[2024-12-28T15:00:44.742+0000] {taskinstance.py:430} INFO - ::endgroup::
[2024-12-28T15:00:44.752+0000] {base.py:84} INFO - Using connection ID 'mssql_default' for task execution.
[2024-12-28T15:00:45.348+0000] {taskinstance.py:441} INFO - ::group::Post task execution logs
[2024-12-28T15:00:45.349+0000] {taskinstance.py:2905} ERROR - Task failed with exception
Traceback (most recent call last):
  File "src/pymssql/_pymssql.pyx", line 447, in pymssql._pymssql.Cursor.execute
  File "src/pymssql/_mssql.pyx", line 1125, in pymssql._mssql.MSSQLConnection.execute_query
  File "src/pymssql/_mssql.pyx", line 1156, in pymssql._mssql.MSSQLConnection.execute_query
  File "src/pymssql/_mssql.pyx", line 1289, in pymssql._mssql.MSSQLConnection.format_and_run_query
  File "src/pymssql/_mssql.pyx", line 1855, in pymssql._mssql.check_cancel_and_raise
  File "src/pymssql/_mssql.pyx", line 1901, in pymssql._mssql.raise_MSSQLDatabaseException
pymssql._mssql.MSSQLDatabaseException: (40508, b'USE statement is not supported to switch between databases. Use a new connection to connect to a different database.DB-Lib error message 20018, severity 16:\nGeneral SQL Server error: Check messages from the SQL Server\n')

During handling of the above exception, another exception occurred:

Traceback (most recent call last):
  File "/home/airflow/.local/lib/python3.11/site-packages/airflow/models/taskinstance.py", line 465, in _execute_task
    result = _execute_callable(context=context, **execute_callable_kwargs)
             ^^^^^^^^^^^^^^^^^^^^^^^^^^^^^^^^^^^^^^^^^^^^^^^^^^^^^^^^^^^^^
  File "/home/airflow/.local/lib/python3.11/site-packages/airflow/models/taskinstance.py", line 432, in _execute_callable
    return execute_callable(context=context, **execute_callable_kwargs)
           ^^^^^^^^^^^^^^^^^^^^^^^^^^^^^^^^^^^^^^^^^^^^^^^^^^^^^^^^^^^^
  File "/home/airflow/.local/lib/python3.11/site-packages/airflow/models/baseoperator.py", line 401, in wrapper
    return func(self, *args, **kwargs)
           ^^^^^^^^^^^^^^^^^^^^^^^^^^^
  File "/home/airflow/.local/lib/python3.11/site-packages/airflow/decorators/base.py", line 265, in execute
    return_value = super().execute(context)
                   ^^^^^^^^^^^^^^^^^^^^^^^^
  File "/home/airflow/.local/lib/python3.11/site-packages/airflow/models/baseoperator.py", line 401, in wrapper
    return func(self, *args, **kwargs)
           ^^^^^^^^^^^^^^^^^^^^^^^^^^^
  File "/home/airflow/.local/lib/python3.11/site-packages/airflow/operators/python.py", line 235, in execute
    return_value = self.execute_callable()
                   ^^^^^^^^^^^^^^^^^^^^^^^
  File "/home/airflow/.local/lib/python3.11/site-packages/airflow/operators/python.py", line 252, in execute_callable
    return self.python_callable(*self.op_args, **self.op_kwargs)
           ^^^^^^^^^^^^^^^^^^^^^^^^^^^^^^^^^^^^^^^^^^^^^^^^^^^^^
  File "/opt/airflow/dags/pipline.py", line 168, in test_sql
    cursor.execute("USE data")
  File "src/pymssql/_pymssql.pyx", line 465, in pymssql._pymssql.Cursor.execute
pymssql.exceptions.OperationalError: (40508, b'USE statement is not supported to switch between databases. Use a new connection to connect to a different database.DB-Lib error message 20018, severity 16:\nGeneral SQL Server error: Check messages from the SQL Server\n')
[2024-12-28T15:00:45.363+0000] {taskinstance.py:1206} INFO - Marking task as FAILED. dag_id=pipeline, task_id=test_sql, run_id=manual__2024-12-28T15:00:39.636921+00:00, execution_date=20241228T150039, start_date=20241228T150044, end_date=20241228T150045
[2024-12-28T15:00:45.380+0000] {standard_task_runner.py:110} ERROR - Failed to execute job 1045 for task test_sql ((40508, b'USE statement is not supported to switch between databases. Use a new connection to connect to a different database.DB-Lib error message 20018, severity 16:\nGeneral SQL Server error: Check messages from the SQL Server\n'); 214)
[2024-12-28T15:00:45.413+0000] {local_task_job_runner.py:243} INFO - Task exited with return code 1
[2024-12-28T15:00:45.432+0000] {taskinstance.py:3503} INFO - 0 downstream tasks scheduled from follow-on schedule check
[2024-12-28T15:00:45.435+0000] {local_task_job_runner.py:222} INFO - ::endgroup::
